{"name":"feature","status":"broken","statusDetails":{"known":false,"muted":false,"flaky":false,"message":"org.openqa.selenium.NoSuchElementException: no such element: Unable to locate element: {\"method\":\"css selector\",\"selector\":\"#mount_0_0_Ds > div > div:nth-child(1) > div > div.rq0escxv.l9j0dhe7.du4w35lb > div > div > div.j83agx80.cbu4d94t.d6urw2fd.dp1hu0rb.l9j0dhe7.du4w35lb > div.rq0escxv.l9j0dhe7.du4w35lb.j83agx80.pfnyh3mw.taijpn5t.gs1a9yip.owycx6da.btwxx1t3.dp1hu0rb.p01isnhg > div > div.rq0escxv.l9j0dhe7.du4w35lb.j83agx80.g5gj957u.pmt1y7k9.buofh1pr.hpfvmrgz.taijpn5t.gs1a9yip.owycx6da.btwxx1t3.f7vcsfb0.fjf4s8hc.b6rwyo50.oyrvap6t > div > div > div:nth-child(2) > div > div > div.tn7ubyq0.d2edcug0.rq0escxv > div > div:nth-child(1) > div > a > div > div > div > div.cwj9ozl2.j83agx80.pfnyh3mw.taijpn5t.dhxd5tqv.hv4rvrfc.f10w8fjw.dati1w0a.l9j0dhe7\"}\n  (Session info: chrome=90.0.4430.212)\nFor documentation on this error, please visit: http://seleniumhq.org/exceptions/no_such_element.html\nBuild info: version: '3.11.0', revision: 'e59cfb3', time: '2018-03-11T20:26:55.152Z'\nSystem info: host: 'wikiwoos-MacBook-Pro.local', ip: 'fd95:fcff:489f:0:55ce:65e4:e592:fdc0%en0', os.name: 'Mac OS X', os.arch: 'x86_64', os.version: '11.1', java.version: '15.0.2'\nDriver info: org.openqa.selenium.chrome.ChromeDriver\nCapabilities {acceptInsecureCerts: false, browserName: chrome, browserVersion: 90.0.4430.212, chrome: {chromedriverVersion: 90.0.4430.24 (4c6d850f087da..., userDataDir: /var/folders/8y/nzkkmbbs2cb...}, goog:chromeOptions: {debuggerAddress: localhost:56329}, javascriptEnabled: true, networkConnectionEnabled: false, pageLoadStrategy: normal, platform: MAC, platformName: MAC, proxy: Proxy(), setWindowRect: true, strictFileInteractability: false, timeouts: {implicit: 0, pageLoad: 300000, script: 30000}, unhandledPromptBehavior: dismiss and notify, webauthn:extension:largeBlob: true, webauthn:virtualAuthenticators: true}\nSession ID: f366a32955203decab3703cc15cf5017\n*** Element info: {Using=css selector, value=#mount_0_0_Ds > div > div:nth-child(1) > div > div.rq0escxv.l9j0dhe7.du4w35lb > div > div > div.j83agx80.cbu4d94t.d6urw2fd.dp1hu0rb.l9j0dhe7.du4w35lb > div.rq0escxv.l9j0dhe7.du4w35lb.j83agx80.pfnyh3mw.taijpn5t.gs1a9yip.owycx6da.btwxx1t3.dp1hu0rb.p01isnhg > div > div.rq0escxv.l9j0dhe7.du4w35lb.j83agx80.g5gj957u.pmt1y7k9.buofh1pr.hpfvmrgz.taijpn5t.gs1a9yip.owycx6da.btwxx1t3.f7vcsfb0.fjf4s8hc.b6rwyo50.oyrvap6t > div > div > div:nth-child(2) > div > div > div.tn7ubyq0.d2edcug0.rq0escxv > div > div:nth-child(1) > div > a > div > div > div > div.cwj9ozl2.j83agx80.pfnyh3mw.taijpn5t.dhxd5tqv.hv4rvrfc.f10w8fjw.dati1w0a.l9j0dhe7}","trace":"cucumber.runtime.CucumberException: org.openqa.selenium.NoSuchElementException: no such element: Unable to locate element: {\"method\":\"css selector\",\"selector\":\"#mount_0_0_Ds > div > div:nth-child(1) > div > div.rq0escxv.l9j0dhe7.du4w35lb > div > div > div.j83agx80.cbu4d94t.d6urw2fd.dp1hu0rb.l9j0dhe7.du4w35lb > div.rq0escxv.l9j0dhe7.du4w35lb.j83agx80.pfnyh3mw.taijpn5t.gs1a9yip.owycx6da.btwxx1t3.dp1hu0rb.p01isnhg > div > div.rq0escxv.l9j0dhe7.du4w35lb.j83agx80.g5gj957u.pmt1y7k9.buofh1pr.hpfvmrgz.taijpn5t.gs1a9yip.owycx6da.btwxx1t3.f7vcsfb0.fjf4s8hc.b6rwyo50.oyrvap6t > div > div > div:nth-child(2) > div > div > div.tn7ubyq0.d2edcug0.rq0escxv > div > div:nth-child(1) > div > a > div > div > div > div.cwj9ozl2.j83agx80.pfnyh3mw.taijpn5t.dhxd5tqv.hv4rvrfc.f10w8fjw.dati1w0a.l9j0dhe7\"}\n  (Session info: chrome=90.0.4430.212)\nFor documentation on this error, please visit: http://seleniumhq.org/exceptions/no_such_element.html\nBuild info: version: '3.11.0', revision: 'e59cfb3', time: '2018-03-11T20:26:55.152Z'\nSystem info: host: 'wikiwoos-MacBook-Pro.local', ip: 'fd95:fcff:489f:0:55ce:65e4:e592:fdc0%en0', os.name: 'Mac OS X', os.arch: 'x86_64', os.version: '11.1', java.version: '15.0.2'\nDriver info: org.openqa.selenium.chrome.ChromeDriver\nCapabilities {acceptInsecureCerts: false, browserName: chrome, browserVersion: 90.0.4430.212, chrome: {chromedriverVersion: 90.0.4430.24 (4c6d850f087da..., userDataDir: /var/folders/8y/nzkkmbbs2cb...}, goog:chromeOptions: {debuggerAddress: localhost:56329}, javascriptEnabled: true, networkConnectionEnabled: false, pageLoadStrategy: normal, platform: MAC, platformName: MAC, proxy: Proxy(), setWindowRect: true, strictFileInteractability: false, timeouts: {implicit: 0, pageLoad: 300000, script: 30000}, unhandledPromptBehavior: dismiss and notify, webauthn:extension:largeBlob: true, webauthn:virtualAuthenticators: true}\nSession ID: f366a32955203decab3703cc15cf5017\n*** Element info: {Using=css selector, value=#mount_0_0_Ds > div > div:nth-child(1) > div > div.rq0escxv.l9j0dhe7.du4w35lb > div > div > div.j83agx80.cbu4d94t.d6urw2fd.dp1hu0rb.l9j0dhe7.du4w35lb > div.rq0escxv.l9j0dhe7.du4w35lb.j83agx80.pfnyh3mw.taijpn5t.gs1a9yip.owycx6da.btwxx1t3.dp1hu0rb.p01isnhg > div > div.rq0escxv.l9j0dhe7.du4w35lb.j83agx80.g5gj957u.pmt1y7k9.buofh1pr.hpfvmrgz.taijpn5t.gs1a9yip.owycx6da.btwxx1t3.f7vcsfb0.fjf4s8hc.b6rwyo50.oyrvap6t > div > div > div:nth-child(2) > div > div > div.tn7ubyq0.d2edcug0.rq0escxv > div > div:nth-child(1) > div > a > div > div > div > div.cwj9ozl2.j83agx80.pfnyh3mw.taijpn5t.dhxd5tqv.hv4rvrfc.f10w8fjw.dati1w0a.l9j0dhe7}\n\tat cucumber.api.testng.TestNGCucumberRunner.runCucumber(TestNGCucumberRunner.java:69)\n\tat com.fblogin.testrunner.TestRunners.feature(TestRunners.java:38)\n\tat java.base/jdk.internal.reflect.NativeMethodAccessorImpl.invoke0(Native Method)\n\tat java.base/jdk.internal.reflect.NativeMethodAccessorImpl.invoke(NativeMethodAccessorImpl.java:64)\n\tat java.base/jdk.internal.reflect.DelegatingMethodAccessorImpl.invoke(DelegatingMethodAccessorImpl.java:43)\n\tat java.base/java.lang.reflect.Method.invoke(Method.java:564)\n\tat org.testng.internal.MethodInvocationHelper.invokeMethod(MethodInvocationHelper.java:124)\n\tat org.testng.internal.Invoker.invokeMethod(Invoker.java:583)\n\tat org.testng.internal.Invoker.invokeTestMethod(Invoker.java:719)\n\tat org.testng.internal.Invoker.invokeTestMethods(Invoker.java:989)\n\tat org.testng.internal.TestMethodWorker.invokeTestMethods(TestMethodWorker.java:125)\n\tat org.testng.internal.TestMethodWorker.run(TestMethodWorker.java:109)\n\tat org.testng.TestRunner.privateRun(TestRunner.java:648)\n\tat org.testng.TestRunner.run(TestRunner.java:505)\n\tat org.testng.SuiteRunner.runTest(SuiteRunner.java:455)\n\tat org.testng.SuiteRunner.runSequentially(SuiteRunner.java:450)\n\tat org.testng.SuiteRunner.privateRun(SuiteRunner.java:415)\n\tat org.testng.SuiteRunner.run(SuiteRunner.java:364)\n\tat org.testng.SuiteRunnerWorker.runSuite(SuiteRunnerWorker.java:52)\n\tat org.testng.SuiteRunnerWorker.run(SuiteRunnerWorker.java:84)\n\tat org.testng.TestNG.runSuitesSequentially(TestNG.java:1208)\n\tat org.testng.TestNG.runSuitesLocally(TestNG.java:1137)\n\tat org.testng.TestNG.runSuites(TestNG.java:1049)\n\tat org.testng.TestNG.run(TestNG.java:1017)\n\tat com.intellij.rt.testng.IDEARemoteTestNG.run(IDEARemoteTestNG.java:66)\n\tat com.intellij.rt.testng.RemoteTestNGStarter.main(RemoteTestNGStarter.java:109)\nCaused by: org.openqa.selenium.NoSuchElementException: no such element: Unable to locate element: {\"method\":\"css selector\",\"selector\":\"#mount_0_0_Ds > div > div:nth-child(1) > div > div.rq0escxv.l9j0dhe7.du4w35lb > div > div > div.j83agx80.cbu4d94t.d6urw2fd.dp1hu0rb.l9j0dhe7.du4w35lb > div.rq0escxv.l9j0dhe7.du4w35lb.j83agx80.pfnyh3mw.taijpn5t.gs1a9yip.owycx6da.btwxx1t3.dp1hu0rb.p01isnhg > div > div.rq0escxv.l9j0dhe7.du4w35lb.j83agx80.g5gj957u.pmt1y7k9.buofh1pr.hpfvmrgz.taijpn5t.gs1a9yip.owycx6da.btwxx1t3.f7vcsfb0.fjf4s8hc.b6rwyo50.oyrvap6t > div > div > div:nth-child(2) > div > div > div.tn7ubyq0.d2edcug0.rq0escxv > div > div:nth-child(1) > div > a > div > div > div > div.cwj9ozl2.j83agx80.pfnyh3mw.taijpn5t.dhxd5tqv.hv4rvrfc.f10w8fjw.dati1w0a.l9j0dhe7\"}\n  (Session info: chrome=90.0.4430.212)\nFor documentation on this error, please visit: http://seleniumhq.org/exceptions/no_such_element.html\nBuild info: version: '3.11.0', revision: 'e59cfb3', time: '2018-03-11T20:26:55.152Z'\nSystem info: host: 'wikiwoos-MacBook-Pro.local', ip: 'fd95:fcff:489f:0:55ce:65e4:e592:fdc0%en0', os.name: 'Mac OS X', os.arch: 'x86_64', os.version: '11.1', java.version: '15.0.2'\nDriver info: org.openqa.selenium.chrome.ChromeDriver\nCapabilities {acceptInsecureCerts: false, browserName: chrome, browserVersion: 90.0.4430.212, chrome: {chromedriverVersion: 90.0.4430.24 (4c6d850f087da..., userDataDir: /var/folders/8y/nzkkmbbs2cb...}, goog:chromeOptions: {debuggerAddress: localhost:56329}, javascriptEnabled: true, networkConnectionEnabled: false, pageLoadStrategy: normal, platform: MAC, platformName: MAC, proxy: Proxy(), setWindowRect: true, strictFileInteractability: false, timeouts: {implicit: 0, pageLoad: 300000, script: 30000}, unhandledPromptBehavior: dismiss and notify, webauthn:extension:largeBlob: true, webauthn:virtualAuthenticators: true}\nSession ID: f366a32955203decab3703cc15cf5017\n*** Element info: {Using=css selector, value=#mount_0_0_Ds > div > div:nth-child(1) > div > div.rq0escxv.l9j0dhe7.du4w35lb > div > div > div.j83agx80.cbu4d94t.d6urw2fd.dp1hu0rb.l9j0dhe7.du4w35lb > div.rq0escxv.l9j0dhe7.du4w35lb.j83agx80.pfnyh3mw.taijpn5t.gs1a9yip.owycx6da.btwxx1t3.dp1hu0rb.p01isnhg > div > div.rq0escxv.l9j0dhe7.du4w35lb.j83agx80.g5gj957u.pmt1y7k9.buofh1pr.hpfvmrgz.taijpn5t.gs1a9yip.owycx6da.btwxx1t3.f7vcsfb0.fjf4s8hc.b6rwyo50.oyrvap6t > div > div > div:nth-child(2) > div > div > div.tn7ubyq0.d2edcug0.rq0escxv > div > div:nth-child(1) > div > a > div > div > div > div.cwj9ozl2.j83agx80.pfnyh3mw.taijpn5t.dhxd5tqv.hv4rvrfc.f10w8fjw.dati1w0a.l9j0dhe7}\n\tat java.base/jdk.internal.reflect.NativeConstructorAccessorImpl.newInstance0(Native Method)\n\tat java.base/jdk.internal.reflect.NativeConstructorAccessorImpl.newInstance(NativeConstructorAccessorImpl.java:64)\n\tat java.base/jdk.internal.reflect.DelegatingConstructorAccessorImpl.newInstance(DelegatingConstructorAccessorImpl.java:45)\n\tat java.base/java.lang.reflect.Constructor.newInstanceWithCaller(Constructor.java:500)\n\tat java.base/java.lang.reflect.Constructor.newInstance(Constructor.java:481)\n\tat org.openqa.selenium.remote.http.W3CHttpResponseCodec.createException(W3CHttpResponseCodec.java:187)\n\tat org.openqa.selenium.remote.http.W3CHttpResponseCodec.decode(W3CHttpResponseCodec.java:122)\n\tat org.openqa.selenium.remote.http.W3CHttpResponseCodec.decode(W3CHttpResponseCodec.java:49)\n\tat org.openqa.selenium.remote.HttpCommandExecutor.execute(HttpCommandExecutor.java:158)\n\tat org.openqa.selenium.remote.service.DriverCommandExecutor.execute(DriverCommandExecutor.java:83)\n\tat org.openqa.selenium.remote.RemoteWebDriver.execute(RemoteWebDriver.java:545)\n\tat org.openqa.selenium.remote.RemoteWebDriver.findElement(RemoteWebDriver.java:319)\n\tat org.openqa.selenium.remote.RemoteWebDriver.findElementByCssSelector(RemoteWebDriver.java:413)\n\tat org.openqa.selenium.By$ByCssSelector.findElement(By.java:430)\n\tat org.openqa.selenium.remote.RemoteWebDriver.findElement(RemoteWebDriver.java:311)\n\tat com.fblogin.tests.testcases.TestCases.assertProject(TestCases.java:15)\n\tat com.fblogin.tests.testcases.TestCases.homepageRedirect(TestCases.java:51)\n\tat com.fblogin.stepsdefinition.FacebookStepDefinition.itShallRedirectToTheHomepage(FacebookStepDefinition.java:44)\n\tat âœ½.And It shall redirect to the homepage(FacebookLogin.feature:15)\n"},"stage":"finished","steps":[],"attachments":[],"parameters":[{"name":"arg0","value":"Facebook wrong password login failure validation"}],"start":1621710800450,"stop":1621710813063,"uuid":"dc038cb0-0573-485b-9040-8f439c0402a0","historyId":"7de3436529f22bd50b51ed9e5eafd264","fullName":"com.fblogin.testrunner.TestRunners.feature","labels":[{"name":"package","value":"com.fblogin.testrunner.TestRunners"},{"name":"testClass","value":"com.fblogin.testrunner.TestRunners"},{"name":"testMethod","value":"feature"},{"name":"parentSuite","value":"All Test Suite"},{"name":"suite","value":"/Users/kehindeadeoya/Documents/projects/FBLogin/src/com/fblogin/testrunner/TestRunner.java"},{"name":"subSuite","value":"com.fblogin.testrunner.TestRunners"},{"name":"host","value":"wikiwoos-MacBook-Pro.local"},{"name":"thread","value":"10857@wikiwoos-MacBook-Pro.local.main(1)"},{"name":"framework","value":"testng"},{"name":"language","value":"java"}],"links":[]}